Determining if the pthread_create exist failed with the following output:
Change Dir: /home/amjad/Desktop/pg2017w/ros/build/CMakeFiles/CMakeTmp

Run Build Command:"/usr/bin/make" "cmTC_6b4bf/fast"
/usr/bin/make -f CMakeFiles/cmTC_6b4bf.dir/build.make CMakeFiles/cmTC_6b4bf.dir/build
make[1]: Entering directory '/home/amjad/Desktop/pg2017w/ros/build/CMakeFiles/CMakeTmp'
Building C object CMakeFiles/cmTC_6b4bf.dir/CheckSymbolExists.c.o
/usr/bin/cc     -o CMakeFiles/cmTC_6b4bf.dir/CheckSymbolExists.c.o   -c /home/amjad/Desktop/pg2017w/ros/build/CMakeFiles/CMakeTmp/CheckSymbolExists.c
Linking C executable cmTC_6b4bf
/usr/bin/cmake -E cmake_link_script CMakeFiles/cmTC_6b4bf.dir/link.txt --verbose=1
/usr/bin/cc       CMakeFiles/cmTC_6b4bf.dir/CheckSymbolExists.c.o  -o cmTC_6b4bf -rdynamic 
CMakeFiles/cmTC_6b4bf.dir/CheckSymbolExists.c.o: In function `main':
CheckSymbolExists.c:(.text+0x16): undefined reference to `pthread_create'
collect2: error: ld returned 1 exit status
CMakeFiles/cmTC_6b4bf.dir/build.make:97: recipe for target 'cmTC_6b4bf' failed
make[1]: *** [cmTC_6b4bf] Error 1
make[1]: Leaving directory '/home/amjad/Desktop/pg2017w/ros/build/CMakeFiles/CMakeTmp'
Makefile:126: recipe for target 'cmTC_6b4bf/fast' failed
make: *** [cmTC_6b4bf/fast] Error 2

File /home/amjad/Desktop/pg2017w/ros/build/CMakeFiles/CMakeTmp/CheckSymbolExists.c:
/* */
#include <pthread.h>

int main(int argc, char** argv)
{
  (void)argv;
#ifndef pthread_create
  return ((int*)(&pthread_create))[argc];
#else
  (void)argc;
  return 0;
#endif
}

Determining if the function pthread_create exists in the pthreads failed with the following output:
Change Dir: /home/amjad/Desktop/pg2017w/ros/build/CMakeFiles/CMakeTmp

Run Build Command:"/usr/bin/make" "cmTC_aa9e2/fast"
/usr/bin/make -f CMakeFiles/cmTC_aa9e2.dir/build.make CMakeFiles/cmTC_aa9e2.dir/build
make[1]: Entering directory '/home/amjad/Desktop/pg2017w/ros/build/CMakeFiles/CMakeTmp'
Building C object CMakeFiles/cmTC_aa9e2.dir/CheckFunctionExists.c.o
/usr/bin/cc    -DCHECK_FUNCTION_EXISTS=pthread_create   -o CMakeFiles/cmTC_aa9e2.dir/CheckFunctionExists.c.o   -c /usr/share/cmake-3.5/Modules/CheckFunctionExists.c
Linking C executable cmTC_aa9e2
/usr/bin/cmake -E cmake_link_script CMakeFiles/cmTC_aa9e2.dir/link.txt --verbose=1
/usr/bin/cc   -DCHECK_FUNCTION_EXISTS=pthread_create    CMakeFiles/cmTC_aa9e2.dir/CheckFunctionExists.c.o  -o cmTC_aa9e2 -rdynamic -lpthreads 
/usr/bin/ld: cannot find -lpthreads
collect2: error: ld returned 1 exit status
CMakeFiles/cmTC_aa9e2.dir/build.make:97: recipe for target 'cmTC_aa9e2' failed
make[1]: *** [cmTC_aa9e2] Error 1
make[1]: Leaving directory '/home/amjad/Desktop/pg2017w/ros/build/CMakeFiles/CMakeTmp'
Makefile:126: recipe for target 'cmTC_aa9e2/fast' failed
make: *** [cmTC_aa9e2/fast] Error 2


Determining if the function pcap_get_pfring_id exists failed with the following output:
Change Dir: /home/amjad/Desktop/pg2017w/ros/build/CMakeFiles/CMakeTmp

Run Build Command:"/usr/bin/make" "cmTC_cab98/fast"
/usr/bin/make -f CMakeFiles/cmTC_cab98.dir/build.make CMakeFiles/cmTC_cab98.dir/build
make[1]: Entering directory '/home/amjad/Desktop/pg2017w/ros/build/CMakeFiles/CMakeTmp'
Building C object CMakeFiles/cmTC_cab98.dir/CheckFunctionExists.c.o
/usr/bin/cc    -DCHECK_FUNCTION_EXISTS=pcap_get_pfring_id   -o CMakeFiles/cmTC_cab98.dir/CheckFunctionExists.c.o   -c /usr/share/cmake-3.5/Modules/CheckFunctionExists.c
Linking C executable cmTC_cab98
/usr/bin/cmake -E cmake_link_script CMakeFiles/cmTC_cab98.dir/link.txt --verbose=1
/usr/bin/cc   -DCHECK_FUNCTION_EXISTS=pcap_get_pfring_id    CMakeFiles/cmTC_cab98.dir/CheckFunctionExists.c.o  -o cmTC_cab98 -rdynamic /usr/lib/x86_64-linux-gnu/libpcap.so 
CMakeFiles/cmTC_cab98.dir/CheckFunctionExists.c.o: In function `main':
CheckFunctionExists.c:(.text+0x15): undefined reference to `pcap_get_pfring_id'
collect2: error: ld returned 1 exit status
CMakeFiles/cmTC_cab98.dir/build.make:98: recipe for target 'cmTC_cab98' failed
make[1]: *** [cmTC_cab98] Error 1
make[1]: Leaving directory '/home/amjad/Desktop/pg2017w/ros/build/CMakeFiles/CMakeTmp'
Makefile:126: recipe for target 'cmTC_cab98/fast' failed
make: *** [cmTC_cab98/fast] Error 2


